<?xml version="1.0" encoding="UTF-8"?>
<!-- Generated by org.testng.reporters.JUnitReportReporter -->
<testsuite hostname="192-168-1-108.tpgi.com.au" failures="0" tests="1" name="CucumberOptions.TestNGRunnertest" time="15.690" errors="0" timestamp="2024-12-25T14:50:55 AEDT" skipped="0">
  <testcase classname="CucumberOptions.TestNGRunnertest" name="runScenario" time="15.690"/>
</testsuite> <!-- CucumberOptions.TestNGRunnertest -->
